usage: coupling_basin_scan.py [-h] [--graph GRAPH_TYPE] [--n-nodes N_NODES]
                              [--edge-probability EDGE_PROBABILITY]
                              [--graph-seed GRAPH_SEED]
                              [--base-seed BASE_SEED] [--n-trials N_TRIALS]
                              [--dynamics DYNAMICS] [--tmax TMAX] [--dt DT]
                              [--n-strengths N_STRENGTHS] [--csv CSV]
                              [--coupling-low COUPLING_LOW]
                              [--coupling-high COUPLING_HIGH]
                              [--interval-index INTERVAL_INDEX]
                              [--progress-interval PROGRESS_INTERVAL]
                              [--backend {cpu,gpu}] [--n-workers N_WORKERS]
                              [--integrator {LSODA,RK4}] [--sync-tol SYNC_TOL]
                              [--tol-max TOL_MAX]
                              [--window-fraction WINDOW_FRACTION]
                              [--success-definition {final_success,window_success,first_crossing}]
                              [--sampling-low SAMPLING_LOW]
                              [--sampling-high SAMPLING_HIGH]
                              [--max-abs-threshold MAX_ABS_THRESHOLD] [--a A]
                              [--b B] [--c C] [--msf-source MSF_SOURCE]
                              [--msf-target MSF_TARGET] [--K-min K_MIN]
                              [--K-max K_MAX] [--n-K N_K]
                              [--msf-cache MSF_CACHE]
                              [--msf-transient-time MSF_TRANSIENT_TIME]
                              [--msf-measurement-time MSF_MEASUREMENT_TIME]
                              [--msf-dt MSF_DT]
                              [--msf-chunk-size MSF_CHUNK_SIZE]
coupling_basin_scan.py: error: unrecognized arguments: 43 44 45 46 47 48 49 50 51
